#
# There is insufficient memory for the Java Runtime Environment to continue.
# Native memory allocation (malloc) failed to allocate 32784 bytes for Chunk::new
# Possible reasons:
#   The system is out of physical RAM or swap space
#   The process is running with CompressedOops enabled, and the Java Heap may be blocking the growth of the native heap
# Possible solutions:
#   Reduce memory load on the system
#   Increase physical memory or swap space
#   Check if swap backing store is full
#   Decrease Java heap size (-Xmx/-Xms)
#   Decrease number of Java threads
#   Decrease Java thread stack sizes (-Xss)
#   Set larger code cache with -XX:ReservedCodeCacheSize=
#   JVM is running with Unscaled Compressed Oops mode in which the Java heap is
#     placed in the first 4GB address space. The Java Heap base address is the
#     maximum limit for the native heap growth. Please use -XX:HeapBaseMinAddress
#     to set the Java Heap base and to place the Java Heap above 4GB virtual address.
# This output file may be truncated or incomplete.
#
#  Out of Memory Error (allocation.cpp:389), pid=29756, tid=0x0000000000007438
#
# JRE version: Java(TM) SE Runtime Environment (8.0_231-b11) (build 1.8.0_231-b11)
# Java VM: Java HotSpot(TM) 64-Bit Server VM (25.231-b11 mixed mode windows-amd64 compressed oops)
# Failed to write core dump. Minidumps are not enabled by default on client versions of Windows
#

---------------  T H R E A D  ---------------

Current thread (0x0000000016c9f000):  JavaThread "C2 CompilerThread1" daemon [_thread_in_native, id=29752, stack(0x0000000017470000,0x0000000017570000)]

Stack: [0x0000000017470000,0x0000000017570000]
[error occurred during error reporting (printing stack bounds), id 0xc0000005]

Native frames: (J=compiled Java code, j=interpreted, Vv=VM code, C=native code)


Current CompileTask:
C2:   3754 1981       4       org.eclipse.sisu.inject.LocatedBeans$Itr::hasNext (161 bytes)


---------------  P R O C E S S  ---------------

Java Threads: ( => current thread )
  0x0000000016d3a000 JavaThread "Service Thread" daemon [_thread_blocked, id=29452, stack(0x0000000017670000,0x0000000017770000)]
  0x0000000016ca0800 JavaThread "C1 CompilerThread2" daemon [_thread_blocked, id=14960, stack(0x0000000017570000,0x0000000017670000)]
=>0x0000000016c9f000 JavaThread "C2 CompilerThread1" daemon [_thread_in_native, id=29752, stack(0x0000000017470000,0x0000000017570000)]
  0x0000000016c9c000 JavaThread "C2 CompilerThread0" daemon [_thread_in_native, id=21892, stack(0x0000000017370000,0x0000000017470000)]
  0x0000000016c83800 JavaThread "Monitor Ctrl-Break" daemon [_thread_in_native, id=13156, stack(0x0000000017270000,0x0000000017370000)]
  0x0000000015930000 JavaThread "Attach Listener" daemon [_thread_blocked, id=28904, stack(0x0000000017170000,0x0000000017270000)]
  0x000000001592f000 JavaThread "Signal Dispatcher" daemon [_thread_blocked, id=9404, stack(0x0000000017070000,0x0000000017170000)]
  0x00000000034fc800 JavaThread "Finalizer" daemon [_thread_blocked, id=15724, stack(0x0000000016b70000,0x0000000016c70000)]
  0x000000001590a000 JavaThread "Reference Handler" daemon [_thread_blocked, id=29968, stack(0x0000000016a70000,0x0000000016b70000)]
  0x0000000003402800 JavaThread "main" [_thread_in_native, id=31280, stack(0x0000000002d70000,0x0000000002e70000)]

Other Threads:
  0x00000000158e8000 VMThread [stack: 0x0000000016970000,0x0000000016a70000] [id=28100]
  0x0000000016d40800 WatcherThread [stack: 0x0000000017770000,0x0000000017870000] [id=29656]

VM state:not at safepoint (normal execution)

VM Mutex/Monitor currently owned by a thread: None

heap address: 0x00000000c4800000, size: 952 MB, Compressed Oops mode: 32-bit
Narrow klass base: 0x0000000000000000, Narrow klass shift: 3
Compressed class space size: 1073741824 Address: 0x0000000100000000

Heap:
 PSYoungGen      total 33280K, used 20515K [0x00000000ec300000, 0x00000000ee600000, 0x0000000100000000)
  eden space 30720K, 58% used [0x00000000ec300000,0x00000000ed48ed10,0x00000000ee100000)
  from space 2560K, 99% used [0x00000000ee100000,0x00000000ee37a060,0x00000000ee380000)
  to   space 2560K, 0% used [0x00000000ee380000,0x00000000ee380000,0x00000000ee600000)
 ParOldGen       total 40960K, used 10707K [0x00000000c4800000, 0x00000000c7000000, 0x00000000ec300000)
  object space 40960K, 26% used [0x00000000c4800000,0x00000000c5274f10,0x00000000c7000000)
 Metaspace       used 15140K, capacity 15428K, committed 15488K, reserved 1062912K
  class space    used 1840K, capacity 1912K, committed 1920K, reserved 1048576K

Card table byte_map: [0x00000000128c0000,0x0000000012aa0000] byte_map_base: 0x000000001229c000

Marking Bits: (ParMarkBitMap*) 0x000000005afc6d90
 Begin Bits: [0x0000000012fe0000, 0x0000000013ec0000)
 End Bits:   [0x0000000013ec0000, 0x0000000014da0000)

Polling page: 0x0000000000df0000

CodeCache: size=245760Kb used=7124Kb max_used=7124Kb free=238635Kb
 bounds [0x0000000003500000, 0x0000000003c00000, 0x0000000012500000]
 total_blobs=2375 nmethods=2030 adapters=257
 compilation: enabled

Compilation events (10 events):
Event: 3.659 Thread 0x0000000016ca0800 nmethod 2018 0x0000000003bd6190 code [0x0000000003bd6300, 0x0000000003bd6590]
Event: 3.659 Thread 0x0000000016ca0800 2019       3       java.util.regex.Pattern$CharProperty::<init> (5 bytes)
Event: 3.660 Thread 0x0000000016ca0800 nmethod 2019 0x0000000003bd5c50 code [0x0000000003bd5dc0, 0x0000000003bd5ff0]
Event: 3.660 Thread 0x0000000016ca0800 2017       3       java.util.regex.Pattern$BmpCharProperty::<init> (5 bytes)
Event: 3.660 Thread 0x0000000016ca0800 nmethod 2017 0x0000000003bdb490 code [0x0000000003bdb620, 0x0000000003bdb970]
Event: 3.660 Thread 0x0000000016ca0800 2006       3       java.util.regex.Pattern::skip (23 bytes)
Event: 3.660 Thread 0x0000000016ca0800 nmethod 2006 0x0000000003bdbb50 code [0x0000000003bdbca0, 0x0000000003bdbe30]
Event: 3.660 Thread 0x0000000016ca0800 2021       3       java.util.regex.Pattern::closure (477 bytes)
Event: 3.663 Thread 0x0000000016ca0800 nmethod 2021 0x0000000003bdbf10 code [0x0000000003bdc560, 0x0000000003be0348]
Event: 3.663 Thread 0x0000000016ca0800 2020       3       java.util.regex.Pattern::escape (1151 bytes)

GC Heap History (10 events):
Event: 0.556 GC heap before
{Heap before GC invocations=1 (full 0):
 PSYoungGen      total 17920K, used 15360K [0x00000000ec300000, 0x00000000ed700000, 0x0000000100000000)
  eden space 15360K, 100% used [0x00000000ec300000,0x00000000ed200000,0x00000000ed200000)
  from space 2560K, 0% used [0x00000000ed480000,0x00000000ed480000,0x00000000ed700000)
  to   space 2560K, 0% used [0x00000000ed200000,0x00000000ed200000,0x00000000ed480000)
 ParOldGen       total 40960K, used 0K [0x00000000c4800000, 0x00000000c7000000, 0x00000000ec300000)
  object space 40960K, 0% used [0x00000000c4800000,0x00000000c4800000,0x00000000c7000000)
 Metaspace       used 6556K, capacity 6712K, committed 7040K, reserved 1056768K
  class space    used 751K, capacity 796K, committed 896K, reserved 1048576K
Event: 0.561 GC heap after
Heap after GC invocations=1 (full 0):
 PSYoungGen      total 17920K, used 2541K [0x00000000ec300000, 0x00000000ed700000, 0x0000000100000000)
  eden space 15360K, 0% used [0x00000000ec300000,0x00000000ec300000,0x00000000ed200000)
  from space 2560K, 99% used [0x00000000ed200000,0x00000000ed47b5c8,0x00000000ed480000)
  to   space 2560K, 0% used [0x00000000ed480000,0x00000000ed480000,0x00000000ed700000)
 ParOldGen       total 40960K, used 614K [0x00000000c4800000, 0x00000000c7000000, 0x00000000ec300000)
  object space 40960K, 1% used [0x00000000c4800000,0x00000000c4899820,0x00000000c7000000)
 Metaspace       used 6556K, capacity 6712K, committed 7040K, reserved 1056768K
  class space    used 751K, capacity 796K, committed 896K, reserved 1048576K
}
Event: 0.713 GC heap before
{Heap before GC invocations=2 (full 0):
 PSYoungGen      total 17920K, used 17901K [0x00000000ec300000, 0x00000000ed700000, 0x0000000100000000)
  eden space 15360K, 100% used [0x00000000ec300000,0x00000000ed200000,0x00000000ed200000)
  from space 2560K, 99% used [0x00000000ed200000,0x00000000ed47b5c8,0x00000000ed480000)
  to   space 2560K, 0% used [0x00000000ed480000,0x00000000ed480000,0x00000000ed700000)
 ParOldGen       total 40960K, used 614K [0x00000000c4800000, 0x00000000c7000000, 0x00000000ec300000)
  object space 40960K, 1% used [0x00000000c4800000,0x00000000c4899820,0x00000000c7000000)
 Metaspace       used 8145K, capacity 8312K, committed 8576K, reserved 1056768K
  class space    used 998K, capacity 1052K, committed 1152K, reserved 1048576K
Event: 0.717 GC heap after
Heap after GC invocations=2 (full 0):
 PSYoungGen      total 17920K, used 2552K [0x00000000ec300000, 0x00000000ee600000, 0x0000000100000000)
  eden space 15360K, 0% used [0x00000000ec300000,0x00000000ec300000,0x00000000ed200000)
  from space 2560K, 99% used [0x00000000ed480000,0x00000000ed6fe030,0x00000000ed700000)
  to   space 2560K, 0% used [0x00000000ed200000,0x00000000ed200000,0x00000000ed480000)
 ParOldGen       total 40960K, used 1449K [0x00000000c4800000, 0x00000000c7000000, 0x00000000ec300000)
  object space 40960K, 3% used [0x00000000c4800000,0x00000000c496a4e0,0x00000000c7000000)
 Metaspace       used 8145K, capacity 8312K, committed 8576K, reserved 1056768K
  class space    used 998K, capacity 1052K, committed 1152K, reserved 1048576K
}
Event: 1.029 GC heap before
{Heap before GC invocations=3 (full 0):
 PSYoungGen      total 17920K, used 17912K [0x00000000ec300000, 0x00000000ee600000, 0x0000000100000000)
  eden space 15360K, 100% used [0x00000000ec300000,0x00000000ed200000,0x00000000ed200000)
  from space 2560K, 99% used [0x00000000ed480000,0x00000000ed6fe030,0x00000000ed700000)
  to   space 2560K, 0% used [0x00000000ed200000,0x00000000ed200000,0x00000000ed480000)
 ParOldGen       total 40960K, used 1449K [0x00000000c4800000, 0x00000000c7000000, 0x00000000ec300000)
  object space 40960K, 3% used [0x00000000c4800000,0x00000000c496a4e0,0x00000000c7000000)
 Metaspace       used 9528K, capacity 9740K, committed 9984K, reserved 1058816K
  class space    used 1173K, capacity 1250K, committed 1280K, reserved 1048576K
Event: 1.035 GC heap after
Heap after GC invocations=3 (full 0):
 PSYoungGen      total 17920K, used 2552K [0x00000000ec300000, 0x00000000ee600000, 0x0000000100000000)
  eden space 15360K, 0% used [0x00000000ec300000,0x00000000ec300000,0x00000000ed200000)
  from space 2560K, 99% used [0x00000000ed200000,0x00000000ed47e010,0x00000000ed480000)
  to   space 2560K, 0% used [0x00000000ee380000,0x00000000ee380000,0x00000000ee600000)
 ParOldGen       total 40960K, used 3057K [0x00000000c4800000, 0x00000000c7000000, 0x00000000ec300000)
  object space 40960K, 7% used [0x00000000c4800000,0x00000000c4afc610,0x00000000c7000000)
 Metaspace       used 9528K, capacity 9740K, committed 9984K, reserved 1058816K
  class space    used 1173K, capacity 1250K, committed 1280K, reserved 1048576K
}
Event: 1.514 GC heap before
{Heap before GC invocations=4 (full 0):
 PSYoungGen      total 17920K, used 17912K [0x00000000ec300000, 0x00000000ee600000, 0x0000000100000000)
  eden space 15360K, 100% used [0x00000000ec300000,0x00000000ed200000,0x00000000ed200000)
  from space 2560K, 99% used [0x00000000ed200000,0x00000000ed47e010,0x00000000ed480000)
  to   space 2560K, 0% used [0x00000000ee380000,0x00000000ee380000,0x00000000ee600000)
 ParOldGen       total 40960K, used 3057K [0x00000000c4800000, 0x00000000c7000000, 0x00000000ec300000)
  object space 40960K, 7% used [0x00000000c4800000,0x00000000c4afc610,0x00000000c7000000)
 Metaspace       used 11327K, capacity 11610K, committed 11776K, reserved 1058816K
  class space    used 1408K, capacity 1511K, committed 1536K, reserved 1048576K
Event: 1.520 GC heap after
Heap after GC invocations=4 (full 0):
 PSYoungGen      total 33280K, used 2552K [0x00000000ec300000, 0x00000000ee600000, 0x0000000100000000)
  eden space 30720K, 0% used [0x00000000ec300000,0x00000000ec300000,0x00000000ee100000)
  from space 2560K, 99% used [0x00000000ee380000,0x00000000ee5fe010,0x00000000ee600000)
  to   space 2560K, 0% used [0x00000000ee100000,0x00000000ee100000,0x00000000ee380000)
 ParOldGen       total 40960K, used 5341K [0x00000000c4800000, 0x00000000c7000000, 0x00000000ec300000)
  object space 40960K, 13% used [0x00000000c4800000,0x00000000c4d37730,0x00000000c7000000)
 Metaspace       used 11327K, capacity 11610K, committed 11776K, reserved 1058816K
  class space    used 1408K, capacity 1511K, committed 1536K, reserved 1048576K
}
Event: 3.508 GC heap before
{Heap before GC invocations=5 (full 0):
 PSYoungGen      total 33280K, used 33272K [0x00000000ec300000, 0x00000000ee600000, 0x0000000100000000)
  eden space 30720K, 100% used [0x00000000ec300000,0x00000000ee100000,0x00000000ee100000)
  from space 2560K, 99% used [0x00000000ee380000,0x00000000ee5fe010,0x00000000ee600000)
  to   space 2560K, 0% used [0x00000000ee100000,0x00000000ee100000,0x00000000ee380000)
 ParOldGen       total 40960K, used 5341K [0x00000000c4800000, 0x00000000c7000000, 0x00000000ec300000)
  object space 40960K, 13% used [0x00000000c4800000,0x00000000c4d37730,0x00000000c7000000)
 Metaspace       used 14884K, capacity 15224K, committed 15488K, reserved 1062912K
  class space    used 1836K, capacity 1910K, committed 1920K, reserved 1048576K
Event: 3.519 GC heap after
Heap after GC invocations=5 (full 0):
 PSYoungGen      total 33280K, used 2536K [0x00000000ec300000, 0x00000000ee600000, 0x0000000100000000)
  eden space 30720K, 0% used [0x00000000ec300000,0x00000000ec300000,0x00000000ee100000)
  from space 2560K, 99% used [0x00000000ee100000,0x00000000ee37a060,0x00000000ee380000)
  to   space 2560K, 0% used [0x00000000ee380000,0x00000000ee380000,0x00000000ee600000)
 ParOldGen       total 40960K, used 10707K [0x00000000c4800000, 0x00000000c7000000, 0x00000000ec300000)
  object space 40960K, 26% used [0x00000000c4800000,0x00000000c5274f10,0x00000000c7000000)
 Metaspace       used 14884K, capacity 15224K, committed 15488K, reserved 1062912K
  class space    used 1836K, capacity 1910K, committed 1920K, reserved 1048576K
}

Deoptimization events (10 events):
Event: 1.970 Thread 0x0000000003402800 Uncommon trap: reason=unstable_if action=reinterpret pc=0x0000000003773844 method=sun.nio.cs.UTF_8$Decoder.decode([BII[C)I @ 30
Event: 1.984 Thread 0x0000000003402800 Uncommon trap: reason=unstable_if action=reinterpret pc=0x0000000003772784 method=sun.nio.cs.UTF_8$Decoder.decodeArrayLoop(Ljava/nio/ByteBuffer;Ljava/nio/CharBuffer;)Ljava/nio/charset/CoderResult; @ 84
Event: 2.048 Thread 0x0000000003402800 Uncommon trap: reason=unstable_if action=reinterpret pc=0x00000000036c4d94 method=java.lang.String.replace(CC)Ljava/lang/String; @ 2
Event: 2.164 Thread 0x0000000003402800 Uncommon trap: reason=unstable_if action=reinterpret pc=0x0000000003aa1b74 method=java.lang.reflect.AccessibleObject.setAccessible0(Ljava/lang/reflect/AccessibleObject;Z)V @ 4
Event: 2.317 Thread 0x0000000003402800 Uncommon trap: reason=unstable_if action=reinterpret pc=0x0000000003a7da04 method=org.codehaus.plexus.util.xml.pull.MXParser.nextImpl()I @ 879
Event: 2.497 Thread 0x0000000003402800 Uncommon trap: reason=null_check action=make_not_entrant pc=0x0000000003af0ea4 method=org.apache.maven.model.io.xpp3.MavenXpp3ReaderEx.checkFieldWithDuplicate(Lorg/codehaus/plexus/util/xml/pull/XmlPullParser;Ljava/lang/String;Ljava/lang/String;Ljava/util/
Event: 3.293 Thread 0x0000000003402800 Uncommon trap: reason=unstable_if action=reinterpret pc=0x0000000003a5f308 method=java.lang.String.regionMatches(ZILjava/lang/String;II)Z @ 25
Event: 3.548 Thread 0x0000000003402800 Uncommon trap: reason=unstable_if action=reinterpret pc=0x0000000003af9654 method=org.codehaus.plexus.util.xml.pull.MXParser.nextImpl()I @ 972
Event: 3.632 Thread 0x0000000003402800 Uncommon trap: reason=bimorphic action=maybe_recompile pc=0x0000000003b211e4 method=java.util.regex.Pattern$Curly.match0(Ljava/util/regex/Matcher;IILjava/lang/CharSequence;)Z @ 170
Event: 3.653 Thread 0x0000000003402800 Uncommon trap: reason=bimorphic action=maybe_recompile pc=0x0000000003b211e4 method=java.util.regex.Pattern$Curly.match0(Ljava/util/regex/Matcher;IILjava/lang/CharSequence;)Z @ 170

Classes redefined (0 events):
No events

Internal exceptions (10 events):
Event: 0.651 Thread 0x0000000003402800 Exception <a 'java/lang/ArrayIndexOutOfBoundsException'> (0x00000000ec9d4ea0) thrown at [C:\re\workspace\8-2-build-windows-amd64-cygwin\jdk8u231\13620\hotspot\src\share\vm\runtime\sharedRuntime.cpp, line 605]
Event: 0.651 Thread 0x0000000003402800 Exception <a 'java/lang/ArrayIndexOutOfBoundsException'> (0x00000000ec9d63f8) thrown at [C:\re\workspace\8-2-build-windows-amd64-cygwin\jdk8u231\13620\hotspot\src\share\vm\runtime\sharedRuntime.cpp, line 605]
Event: 0.652 Thread 0x0000000003402800 Exception <a 'java/lang/ArrayIndexOutOfBoundsException': 86> (0x00000000ec9d7b08) thrown at [C:\re\workspace\8-2-build-windows-amd64-cygwin\jdk8u231\13620\hotspot\src\share\vm\interpreter\interpreterRuntime.cpp, line 368]
Event: 0.652 Thread 0x0000000003402800 Exception <a 'java/lang/ArrayIndexOutOfBoundsException': 100> (0x00000000ec9d9248) thrown at [C:\re\workspace\8-2-build-windows-amd64-cygwin\jdk8u231\13620\hotspot\src\share\vm\interpreter\interpreterRuntime.cpp, line 368]
Event: 0.652 Thread 0x0000000003402800 Exception <a 'java/lang/ArrayIndexOutOfBoundsException': 24> (0x00000000ec9d9f90) thrown at [C:\re\workspace\8-2-build-windows-amd64-cygwin\jdk8u231\13620\hotspot\src\share\vm\interpreter\interpreterRuntime.cpp, line 368]
Event: 1.698 Thread 0x0000000003402800 Exception <a 'java/lang/NoClassDefFoundError': com/google/inject/servlet/ServletModuleTargetVisitor> (0x00000000ece74b78) thrown at [C:\re\workspace\8-2-build-windows-amd64-cygwin\jdk8u231\13620\hotspot\src\share\vm\classfile\systemDictionary.cpp, line 19
Event: 1.698 Thread 0x0000000003402800 Exception <a 'java/lang/NoClassDefFoundError'> (0x00000000ece74b78) thrown at [C:\re\workspace\8-2-build-windows-amd64-cygwin\jdk8u231\13620\hotspot\src\share\vm\prims\jvm.cpp, line 1506]
Event: 1.699 Thread 0x0000000003402800 Exception <a 'java/lang/NoClassDefFoundError': javax/annotation/Priority> (0x00000000ece79848) thrown at [C:\re\workspace\8-2-build-windows-amd64-cygwin\jdk8u231\13620\hotspot\src\share\vm\classfile\systemDictionary.cpp, line 199]
Event: 1.820 Thread 0x0000000003402800 Implicit null exception at 0x00000000036dda5b to 0x00000000036ddc05
Event: 2.497 Thread 0x0000000003402800 Implicit null exception at 0x0000000003aefbd0 to 0x0000000003af0e8d

Events (10 events):
Event: 3.622 loading class org/apache/maven/artifact/resolver/filter/IncludesArtifactFilter
Event: 3.622 loading class org/apache/maven/artifact/resolver/filter/IncludesArtifactFilter done
Event: 3.632 Thread 0x0000000003402800 Uncommon trap: trap_request=0xffffffc6 fr.pc=0x0000000003b211e4
Event: 3.632 Thread 0x0000000003402800 DEOPT PACKING pc=0x0000000003b211e4 sp=0x0000000002e6dcb0
Event: 3.632 Thread 0x0000000003402800 DEOPT UNPACKING pc=0x000000000354583b sp=0x0000000002e6db70 mode 2
Event: 3.648 loading class org/apache/maven/project/DefaultProjectBuildingResult
Event: 3.648 loading class org/apache/maven/project/DefaultProjectBuildingResult done
Event: 3.653 Thread 0x0000000003402800 Uncommon trap: trap_request=0xffffffc6 fr.pc=0x0000000003b211e4
Event: 3.653 Thread 0x0000000003402800 DEOPT PACKING pc=0x0000000003b211e4 sp=0x0000000002e6ded0
Event: 3.653 Thread 0x0000000003402800 DEOPT UNPACKING pc=0x000000000354583b sp=0x0000000002e6dd90 mode 2


Dynamic libraries:
0x00007ff753550000 - 0x00007ff753587000 	C:\Program Files\Java\jdk1.8.0_231\bin\java.exe
0x00007ffcaf5e0000 - 0x00007ffcaf7d0000 	C:\WINDOWS\SYSTEM32\ntdll.dll
0x00007ffcaf340000 - 0x00007ffcaf3f2000 	C:\WINDOWS\System32\KERNEL32.DLL
0x00007ffcacbe0000 - 0x00007ffcace85000 	C:\WINDOWS\System32\KERNELBASE.dll
0x00007ffcad870000 - 0x00007ffcad913000 	C:\WINDOWS\System32\ADVAPI32.dll
0x00007ffcad920000 - 0x00007ffcad9be000 	C:\WINDOWS\System32\msvcrt.dll
0x00007ffcaf2a0000 - 0x00007ffcaf337000 	C:\WINDOWS\System32\sechost.dll
0x00007ffcaeb20000 - 0x00007ffcaec3f000 	C:\WINDOWS\System32\RPCRT4.dll
0x00007ffcaf400000 - 0x00007ffcaf594000 	C:\WINDOWS\System32\USER32.dll
0x00007ffcaca60000 - 0x00007ffcaca81000 	C:\WINDOWS\System32\win32u.dll
0x00007ffcae0b0000 - 0x00007ffcae0d6000 	C:\WINDOWS\System32\GDI32.dll
0x00007ffcac5c0000 - 0x00007ffcac758000 	C:\WINDOWS\System32\gdi32full.dll
0x00007ffcac7f0000 - 0x00007ffcac88e000 	C:\WINDOWS\System32\msvcp_win.dll
0x00007ffcac960000 - 0x00007ffcaca5a000 	C:\WINDOWS\System32\ucrtbase.dll
0x00007ffc9ea70000 - 0x00007ffc9ecf4000 	C:\WINDOWS\WinSxS\amd64_microsoft.windows.common-controls_6595b64144ccf1df_6.0.18362.1379_none_9e7ff3b3e45cc0c4\COMCTL32.dll
0x00007ffcadca0000 - 0x00007ffcadfd7000 	C:\WINDOWS\System32\combase.dll
0x00007ffcac760000 - 0x00007ffcac7e1000 	C:\WINDOWS\System32\bcryptPrimitives.dll
0x00007ffcadc10000 - 0x00007ffcadc3e000 	C:\WINDOWS\System32\IMM32.DLL
0x000000005b050000 - 0x000000005b122000 	C:\Program Files\Java\jdk1.8.0_231\jre\bin\msvcr100.dll
0x000000005a7a0000 - 0x000000005b046000 	C:\Program Files\Java\jdk1.8.0_231\jre\bin\server\jvm.dll
0x00007ffcaecf0000 - 0x00007ffcaecf8000 	C:\WINDOWS\System32\PSAPI.DLL
0x00007ffc96200000 - 0x00007ffc96209000 	C:\WINDOWS\SYSTEM32\WSOCK32.dll
0x00007ffcac060000 - 0x00007ffcac06a000 	C:\WINDOWS\SYSTEM32\VERSION.dll
0x00007ffcaf230000 - 0x00007ffcaf29f000 	C:\WINDOWS\System32\WS2_32.dll
0x00007ffcaa440000 - 0x00007ffcaa464000 	C:\WINDOWS\SYSTEM32\WINMM.dll
0x00007ffcaa410000 - 0x00007ffcaa43d000 	C:\WINDOWS\SYSTEM32\winmmbase.dll
0x00007ffcad610000 - 0x00007ffcad65a000 	C:\WINDOWS\System32\cfgmgr32.dll
0x00007ffca8cf0000 - 0x00007ffca8cff000 	C:\Program Files\Java\jdk1.8.0_231\jre\bin\verify.dll
0x00007ffca64b0000 - 0x00007ffca64d9000 	C:\Program Files\Java\jdk1.8.0_231\jre\bin\java.dll
0x00007ffca6450000 - 0x00007ffca6473000 	C:\Program Files\Java\jdk1.8.0_231\jre\bin\instrument.dll
0x00007ffca63b0000 - 0x00007ffca63c6000 	C:\Program Files\Java\jdk1.8.0_231\jre\bin\zip.dll
0x00007ffcae430000 - 0x00007ffcaeb18000 	C:\WINDOWS\System32\SHELL32.dll
0x00007ffcaec40000 - 0x00007ffcaece7000 	C:\WINDOWS\System32\shcore.dll
0x00007ffcace90000 - 0x00007ffcad60b000 	C:\WINDOWS\System32\windows.storage.dll
0x00007ffcac530000 - 0x00007ffcac553000 	C:\WINDOWS\System32\profapi.dll
0x00007ffcac4e0000 - 0x00007ffcac52a000 	C:\WINDOWS\System32\powrprof.dll
0x00007ffcac490000 - 0x00007ffcac4a0000 	C:\WINDOWS\System32\UMPDC.dll
0x00007ffcaed00000 - 0x00007ffcaed52000 	C:\WINDOWS\System32\shlwapi.dll
0x00007ffcac4c0000 - 0x00007ffcac4d1000 	C:\WINDOWS\System32\kernel.appcore.dll
0x00007ffcac940000 - 0x00007ffcac957000 	C:\WINDOWS\System32\cryptsp.dll
0x00007ffca5fa0000 - 0x00007ffca5fba000 	D:\JetBrains\IntelliJ IDEA 2018.3.6\bin\breakgen64.dll
0x00007ffca6390000 - 0x00007ffca63aa000 	C:\Program Files\Java\jdk1.8.0_231\jre\bin\net.dll
0x00007ffcabc60000 - 0x00007ffcabcc7000 	C:\WINDOWS\system32\mswsock.dll
0x00007ffca6370000 - 0x00007ffca6382000 	C:\Program Files\Java\jdk1.8.0_231\jre\bin\nio.dll

VM Arguments:
jvm_args: -Dmaven.multiModuleProjectDirectory=D:\java软件\idea\shuiwu\water_service -Dmaven.home=D:\JetBrains\IntelliJ IDEA 2018.3.6\plugins\maven\lib\maven3 -Dclassworlds.conf=D:\JetBrains\IntelliJ IDEA 2018.3.6\plugins\maven\lib\maven3\bin\m2.conf -javaagent:D:\JetBrains\IntelliJ IDEA 2018.3.6\lib\idea_rt.jar=50934:D:\JetBrains\IntelliJ IDEA 2018.3.6\bin -Dfile.encoding=UTF-8 
java_command: org.codehaus.classworlds.Launcher -Didea.version=2018.3.6 -s D:\Softwares\apache-maven-3.5.2\conf\settings.xml -Dmaven.repo.local=D:\Softwares\apache-maven-3.5.2\repository -DskipTests=true clean
java_class_path (initial): D:\JetBrains\IntelliJ IDEA 2018.3.6\plugins\maven\lib\maven3\boot\plexus-classworlds-2.5.2.jar;D:\JetBrains\IntelliJ IDEA 2018.3.6\lib\idea_rt.jar
Launcher Type: SUN_STANDARD

Environment Variables:
JAVA_HOME=C:\Program Files\Java\jdk1.8.0_231
CLASSPATH=.;C:\Program Files\Java\jdk1.8.0_231\lib;C:\Program Files\Java\jdk1.8.0_231\lib\dt.jar;C:\Program Files\Java\jdk1.8.0_231\lib\tools.jar
PATH=D:\专业软件\Xftp 6\;D:\专业软件\Xshell 6\;C:\Program Files (x86)\Common Files\Oracle\Java\javapath;C:\WINDOWS;C:\WINDOWS\System32\Wbem;C:\WINDOWS\System32\WindowsPowerShell\v1.0\;C:\WINDOWS\System32\OpenSSH\;C:\Program Files (x86)\Git\cmd;D:\java软件\My SQL\software\mysql-5.7.26-winx64\bin;C:\Program Files\Java\jdk1.8.0_231\bin;C:\Program Files\Java\jdk1.8.0_231\jre\bin;D:\Softwares\apache-maven-3.5.2\bin;F:\学习视频及资料\资料\node.js\;C:\Program Files\TortoiseGit\bin;C:\WINDOWS\system32;C:\Program Files\TortoiseSVN\bin;C:\Users\yu\AppData\Local\Microsoft\WindowsApps;C:\Users\yu\AppData\Roaming\npm
USERNAME=yu
OS=Windows_NT
PROCESSOR_IDENTIFIER=Intel64 Family 6 Model 158 Stepping 9, GenuineIntel



---------------  S Y S T E M  ---------------

OS: Windows 10.0 , 64 bit Build 18362 (10.0.18362.1350)

CPU:total 4 (initial active 4) (4 cores per cpu, 1 threads per core) family 6 model 158 stepping 9, cmov, cx8, fxsr, mmx, sse, sse2, sse3, ssse3, sse4.1, sse4.2, popcnt, avx, avx2, aes, clmul, erms, 3dnowpref, lzcnt, tsc, tscinvbit, bmi1, bmi2, adx

Memory: 4k page, physical 3893844k(308932k free), swap 15952468k(192k free)

vm_info: Java HotSpot(TM) 64-Bit Server VM (25.231-b11) for windows-amd64 JRE (1.8.0_231-b11), built on Oct  5 2019 03:11:30 by "java_re" with MS VC++ 10.0 (VS2010)

time: Wed Feb 24 20:07:47 2021
timezone: 中国标准时间
elapsed time: 3 seconds (0d 0h 0m 3s)

